Using pre-set license
Built from '2020.3/staging' branch; Version is '2020.3.22f1 (e1a7f79fd887) revision 14788599'; Using compiler version '192528614'; Build Type 'Release'
OS: 'Windows 10 Home; OS build 19042.1237; Version 2009; 64bit' Language: 'pt' Physical Memory: 16332 MB
BatchMode: 1, IsHumanControllingUs: 0, StartBugReporterOnCrash: 0, Is64bit: 1, IsPro: 0

COMMAND LINE ARGUMENTS:
C:\Program Files\Unity\2020.3.22f1\Editor\Unity.exe
-adb2
-batchMode
-noUpm
-name
AssetImportWorker0
-projectPath
C:/Users/bruno/OneDrive/Documents/GitHub/Blank Unity Project Template
-logFile
Logs/AssetImportWorker0.log
-srvPort
50199
Successfully changed project path to: C:/Users/bruno/OneDrive/Documents/GitHub/Blank Unity Project Template
C:/Users/bruno/OneDrive/Documents/GitHub/Blank Unity Project Template
Using Asset Import Pipeline V2.
Refreshing native plugins compatible for Editor in 33.54 ms, found 2 plugins.
Preloading 0 native plugins for Editor in 0.00 ms.
Initialize engine version: 2020.3.22f1 (e1a7f79fd887)
[Subsystems] Discovering subsystems at path C:/Program Files/Unity/2020.3.22f1/Editor/Data/Resources/UnitySubsystems
[Subsystems] Discovering subsystems at path C:/Users/bruno/OneDrive/Documents/GitHub/Blank Unity Project Template/Assets
GfxDevice: creating device client; threaded=0
Direct3D:
    Version:  Direct3D 11.0 [level 11.1]
    Renderer: NVIDIA GeForce GTX 980 (ID=0x13c0)
    Vendor:   
    VRAM:     4053 MB
    Driver:   27.21.14.5671
Initialize mono
Mono path[0] = 'C:/Program Files/Unity/2020.3.22f1/Editor/Data/Managed'
Mono path[1] = 'C:/Program Files/Unity/2020.3.22f1/Editor/Data/MonoBleedingEdge/lib/mono/unityjit'
Mono config path = 'C:/Program Files/Unity/2020.3.22f1/Editor/Data/MonoBleedingEdge/etc'
Using monoOptions --debugger-agent=transport=dt_socket,embedding=1,server=y,suspend=n,address=127.0.0.1:56580
Begin MonoManager ReloadAssembly
Registering precompiled unity dll's ...
Register platform support module: C:/Program Files/Unity/2020.3.22f1/Editor/Data/PlaybackEngines/WebGLSupport/UnityEditor.WebGL.Extensions.dll
Register platform support module: C:/Program Files/Unity/2020.3.22f1/Editor/Data/PlaybackEngines/WindowsStandaloneSupport/UnityEditor.WindowsStandalone.Extensions.dll
Registered in 0.003142 seconds.
Native extension for WindowsStandalone target not found
Native extension for WebGL target not found
Refreshing native plugins compatible for Editor in 36.13 ms, found 2 plugins.
Preloading 0 native plugins for Editor in 0.00 ms.
Mono: successfully reloaded assembly
- Completed reload, in  3.985 seconds
Domain Reload Profiling:
	ReloadAssembly (3985ms)
		BeginReloadAssembly (66ms)
			ExecutionOrderSort (0ms)
			DisableScriptedObjects (0ms)
			BackupInstance (0ms)
			ReleaseScriptingObjects (0ms)
			CreateAndSetChildDomain (1ms)
		EndReloadAssembly (490ms)
			LoadAssemblies (63ms)
			RebuildTransferFunctionScriptingTraits (0ms)
			SetupTypeCache (161ms)
			ReleaseScriptCaches (0ms)
			RebuildScriptCaches (39ms)
			SetupLoadedEditorAssemblies (181ms)
				LogAssemblyErrors (0ms)
				InitializePlatformSupportModulesInManaged (6ms)
				SetLoadedEditorAssemblies (0ms)
				RefreshPlugins (36ms)
				BeforeProcessingInitializeOnLoad (14ms)
				ProcessInitializeOnLoadAttributes (95ms)
				ProcessInitializeOnLoadMethodAttributes (30ms)
				AfterProcessingInitializeOnLoad (0ms)
				EditorAssembliesLoaded (0ms)
			ExecutionOrderSort2 (0ms)
			AwakeInstancesAfterBackupRestoration (0ms)
Platform modules already initialized, skipping
Registering precompiled user dll's ...
Registered in 0.005601 seconds.
Begin MonoManager ReloadAssembly
Native extension for WindowsStandalone target not found
Native extension for WebGL target not found
Refreshing native plugins compatible for Editor in 0.34 ms, found 2 plugins.
Preloading 0 native plugins for Editor in 0.00 ms.
Mono: successfully reloaded assembly
- Completed reload, in  1.174 seconds
Domain Reload Profiling:
	ReloadAssembly (1175ms)
		BeginReloadAssembly (168ms)
			ExecutionOrderSort (0ms)
			DisableScriptedObjects (6ms)
			BackupInstance (0ms)
			ReleaseScriptingObjects (0ms)
			CreateAndSetChildDomain (20ms)
		EndReloadAssembly (929ms)
			LoadAssemblies (100ms)
			RebuildTransferFunctionScriptingTraits (0ms)
			SetupTypeCache (291ms)
			ReleaseScriptCaches (0ms)
			RebuildScriptCaches (59ms)
			SetupLoadedEditorAssemblies (374ms)
				LogAssemblyErrors (0ms)
				InitializePlatformSupportModulesInManaged (7ms)
				SetLoadedEditorAssemblies (0ms)
				RefreshPlugins (0ms)
				BeforeProcessingInitializeOnLoad (110ms)
				ProcessInitializeOnLoadAttributes (236ms)
				ProcessInitializeOnLoadMethodAttributes (10ms)
				AfterProcessingInitializeOnLoad (9ms)
				EditorAssembliesLoaded (0ms)
			ExecutionOrderSort2 (0ms)
			AwakeInstancesAfterBackupRestoration (8ms)
Platform modules already initialized, skipping
========================================================================
Worker process is ready to serve import requests
Launched and connected shader compiler UnityShaderCompiler.exe after 0.05 seconds
Refreshing native plugins compatible for Editor in 0.33 ms, found 2 plugins.
Preloading 0 native plugins for Editor in 0.00 ms.
Unloading 1488 Unused Serialized files (Serialized files now loaded: 0)
System memory in use before: 67.1 MB.
System memory in use after: 67.1 MB.

Unloading 19 unused Assets to reduce memory usage. Loaded Objects now: 1920.
Total: 3.029300 ms (FindLiveObjects: 0.170600 ms CreateObjectMapping: 0.034800 ms MarkObjects: 2.751100 ms  DeleteObjects: 0.071700 ms)

AssetImportParameters requested are different than current active one (requested -> active):
  custom:framework-win-MediaFoundation: 216162199b28c13a410421893ffa2e32 -> 
  custom:video-decoder-ogg-theora: a1e56fd34408186e4bbccfd4996cb3dc -> 
  custom:container-muxer-webm: aa71ff27fc2769a1b78a27578f13a17b -> 
  custom:container-demuxer-webm: 4f35f7cbe854078d1ac9338744f61a02 -> 
  custom:container-demuxer-ogg: 62fdf1f143b41e24485cea50d1cbac27 -> 
  custom:video-encoder-webm-vp8: eb34c28f22e8b96e1ab97ce403110664 -> 
  custom:video-decoder-webm-vp8: 9c59270c3fd7afecdb556c50c9e8de78 -> 
  custom:audio-decoder-ogg-vorbis: bf7c407c2cedff20999df2af8eb42d56 -> 
  custom:audio-encoder-webm-vorbis: bf7c407c2cedff20999df2af8eb42d56 -> 
========================================================================
Received Import Request.
  path: Assets/Scenes
  artifactKey: Guid(e9c24ebb9ea0c6c498a416738292bbbf) Importer(815301076,1909f56bfc062723c751e8b465ee728b)
Start importing Assets/Scenes using Guid(e9c24ebb9ea0c6c498a416738292bbbf) Importer(815301076,1909f56bfc062723c751e8b465ee728b)  -> (artifact id: '66aa188a18cc745c2be6553a8805919b') in 0.009231 seconds 
  Import took 0.011454 seconds .

========================================================================
Received Import Request.
  Time since last request: 7.096075 seconds.
  path: Assets/Scenes/SampleScene.scenetemplate
  artifactKey: Guid(53b272854b43d7b479ba84354eacbfff) Importer(815301076,1909f56bfc062723c751e8b465ee728b)
Start importing Assets/Scenes/SampleScene.scenetemplate using Guid(53b272854b43d7b479ba84354eacbfff) Importer(815301076,1909f56bfc062723c751e8b465ee728b)  -> (artifact id: '67220198af516d8af90a8ff7d3519d9c') in 0.063810 seconds 
  Import took 0.066502 seconds .

========================================================================
Received Import Request.
  Time since last request: 37.843029 seconds.
  path: Assets/Scenes/SampleScene.prefab
  artifactKey: Guid(54bdf03e6e8f1684eb07d1b534613024) Importer(815301076,1909f56bfc062723c751e8b465ee728b)
Start importing Assets/Scenes/SampleScene.prefab using Guid(54bdf03e6e8f1684eb07d1b534613024) Importer(815301076,1909f56bfc062723c751e8b465ee728b)  -> (artifact id: 'c2be5a596dd71834edcc47160ce411fe') in 0.015926 seconds 
  Import took 0.018526 seconds .

========================================================================
Received Import Request.
  Time since last request: 60.050082 seconds.
  path: Assets/Scenes/SampleScene.scenetemplate
  artifactKey: Guid(53b272854b43d7b479ba84354eacbfff) Importer(815301076,1909f56bfc062723c751e8b465ee728b)
Start importing Assets/Scenes/SampleScene.scenetemplate using Guid(53b272854b43d7b479ba84354eacbfff) Importer(815301076,1909f56bfc062723c751e8b465ee728b)  -> (artifact id: '57573873a6c4865d5b514713550b88d8') in 0.007436 seconds 
  Import took 0.009856 seconds .

========================================================================
Received Import Request.
  Time since last request: 69.862289 seconds.
  path: Assets/Scenes/SampleScene.png
  artifactKey: Guid(c4cd8203a04b301478769fc279182f33) Importer(815301076,1909f56bfc062723c751e8b465ee728b)
Start importing Assets/Scenes/SampleScene.png using Guid(c4cd8203a04b301478769fc279182f33) Importer(815301076,1909f56bfc062723c751e8b465ee728b)  -> (artifact id: '5e12662acf8839fa36e4b5023316e749') in 0.064952 seconds 
  Import took 0.067656 seconds .

========================================================================
Received Import Request.
  Time since last request: 76.903890 seconds.
  path: Assets/Scenes/SampleScene
  artifactKey: Guid(ddf52d2da2d124947bd83b404f65d862) Importer(815301076,1909f56bfc062723c751e8b465ee728b)
Start importing Assets/Scenes/SampleScene using Guid(ddf52d2da2d124947bd83b404f65d862) Importer(815301076,1909f56bfc062723c751e8b465ee728b)  -> (artifact id: '0ce7d0fa4d6ff3868494f986107f0456') in 0.003813 seconds 
  Import took 0.006519 seconds .

========================================================================
Received Import Request.
  Time since last request: 12.549393 seconds.
  path: Assets/Scenes/Sample
  artifactKey: Guid(ddf52d2da2d124947bd83b404f65d862) Importer(815301076,1909f56bfc062723c751e8b465ee728b)
Start importing Assets/Scenes/Sample using Guid(ddf52d2da2d124947bd83b404f65d862) Importer(815301076,1909f56bfc062723c751e8b465ee728b)  -> (artifact id: '1a38e239857050be388aa0b88e11bb88') in 0.008842 seconds 
  Import took 0.011186 seconds .

========================================================================
Received Import Request.
  Time since last request: 9.241072 seconds.
  path: Assets
  artifactKey: Guid(00000000000000001000000000000000) Importer(815301076,1909f56bfc062723c751e8b465ee728b)
Start importing Assets using Guid(00000000000000001000000000000000) Importer(815301076,1909f56bfc062723c751e8b465ee728b)  -> (artifact id: '42d402b061de3733987d63b9cc3b64de') in 0.011073 seconds 
  Import took 0.014652 seconds .

========================================================================
Received Import Request.
  Time since last request: 16.772683 seconds.
  path: Assets/Graphic Assets
  artifactKey: Guid(c62b6c411d5d4a54a850d73b74462cd9) Importer(815301076,1909f56bfc062723c751e8b465ee728b)
Start importing Assets/Graphic Assets using Guid(c62b6c411d5d4a54a850d73b74462cd9) Importer(815301076,1909f56bfc062723c751e8b465ee728b)  -> (artifact id: '40f60172c273e7020edc3a32968e43c2') in 0.009630 seconds 
  Import took 0.012422 seconds .

========================================================================
Received Import Request.
  Time since last request: 13.943768 seconds.
  path: Assets/Graphic Assets/Images
  artifactKey: Guid(433692207a5c1d34287bdf39236d56e5) Importer(815301076,1909f56bfc062723c751e8b465ee728b)
Start importing Assets/Graphic Assets/Images using Guid(433692207a5c1d34287bdf39236d56e5) Importer(815301076,1909f56bfc062723c751e8b465ee728b)  -> (artifact id: '7130f5cebbab7a644b04d3a63244cf17') in 0.009370 seconds 
  Import took 0.011898 seconds .

========================================================================
Received Import Request.
  Time since last request: 9.107100 seconds.
  path: Assets/Graphic Assets/Textures
  artifactKey: Guid(82de9b7ae628afe4fa56620b62796ebe) Importer(815301076,1909f56bfc062723c751e8b465ee728b)
Start importing Assets/Graphic Assets/Textures using Guid(82de9b7ae628afe4fa56620b62796ebe) Importer(815301076,1909f56bfc062723c751e8b465ee728b)  -> (artifact id: '91c97be4fcd0d4c92c445271b6b296c6') in 0.009713 seconds 
  Import took 0.012423 seconds .

========================================================================
Received Import Request.
  Time since last request: 5.950312 seconds.
  path: Assets/Graphic Assets/Materials
  artifactKey: Guid(edbbe3c38b502f9469970b0260380710) Importer(815301076,1909f56bfc062723c751e8b465ee728b)
Start importing Assets/Graphic Assets/Materials using Guid(edbbe3c38b502f9469970b0260380710) Importer(815301076,1909f56bfc062723c751e8b465ee728b)  -> (artifact id: '27d8c24f8a29fa9d8dfe17cfcdaa9512') in 0.011351 seconds 
  Import took 0.013703 seconds .

========================================================================
Received Import Request.
  Time since last request: 5.219201 seconds.
  path: Assets/Graphic Assets/Models
  artifactKey: Guid(31452d0a5237b524e9a360ddf8defeb7) Importer(815301076,1909f56bfc062723c751e8b465ee728b)
Start importing Assets/Graphic Assets/Models using Guid(31452d0a5237b524e9a360ddf8defeb7) Importer(815301076,1909f56bfc062723c751e8b465ee728b)  -> (artifact id: '9541760df9e4fdca11cb654b45f3b098') in 0.011256 seconds 
  Import took 0.013631 seconds .

========================================================================
Received Import Request.
  Time since last request: 14.995331 seconds.
  path: Assets/Graphic Assets/Images/Hud
  artifactKey: Guid(593e9d425bfdfeb4d8d7354e8e15fdee) Importer(815301076,1909f56bfc062723c751e8b465ee728b)
Start importing Assets/Graphic Assets/Images/Hud using Guid(593e9d425bfdfeb4d8d7354e8e15fdee) Importer(815301076,1909f56bfc062723c751e8b465ee728b)  -> (artifact id: '5508bc7d08ccf4368f50acdaaae7bf92') in 0.009955 seconds 
  Import took 0.012284 seconds .

========================================================================
Received Import Request.
  Time since last request: 6.854947 seconds.
  path: Assets/Graphic Assets/Images/Game
  artifactKey: Guid(8a523f0779c12e44882691d5f21d7022) Importer(815301076,1909f56bfc062723c751e8b465ee728b)
Start importing Assets/Graphic Assets/Images/Game using Guid(8a523f0779c12e44882691d5f21d7022) Importer(815301076,1909f56bfc062723c751e8b465ee728b)  -> (artifact id: 'dbd48c96aeb6bb1673c5b82e694dea69') in 0.006934 seconds 
  Import took 0.009896 seconds .

========================================================================
Received Import Request.
  Time since last request: 17.577499 seconds.
  path: Assets/Scripts
  artifactKey: Guid(67c365ba30652e64c893d439d0d53ce5) Importer(815301076,1909f56bfc062723c751e8b465ee728b)
Start importing Assets/Scripts using Guid(67c365ba30652e64c893d439d0d53ce5) Importer(815301076,1909f56bfc062723c751e8b465ee728b)  -> (artifact id: 'c2692d3e823a9950acf0310500590c96') in 0.007207 seconds 
  Import took 0.009954 seconds .

========================================================================
Received Import Request.
  Time since last request: 21.958962 seconds.
  path: Assets/Animations
  artifactKey: Guid(84c7349eebb2b3e4aa6bd33689b69847) Importer(815301076,1909f56bfc062723c751e8b465ee728b)
Start importing Assets/Animations using Guid(84c7349eebb2b3e4aa6bd33689b69847) Importer(815301076,1909f56bfc062723c751e8b465ee728b)  -> (artifact id: 'a00518a49743c45bc89d7cc34353e94d') in 0.006955 seconds 
  Import took 0.009213 seconds .

========================================================================
Received Import Request.
  Time since last request: 10.696748 seconds.
  path: Assets/Animations/AnimatorControllers
  artifactKey: Guid(cef1e9fc99b5ec14dbca428436bc627c) Importer(815301076,1909f56bfc062723c751e8b465ee728b)
Start importing Assets/Animations/AnimatorControllers using Guid(cef1e9fc99b5ec14dbca428436bc627c) Importer(815301076,1909f56bfc062723c751e8b465ee728b)  -> (artifact id: '4f35e37539d48323a8e587d4bff847a8') in 0.008167 seconds 
  Import took 0.010507 seconds .

========================================================================
Received Import Request.
  Time since last request: 5.004890 seconds.
  path: Assets/Animations/Clips
  artifactKey: Guid(c106f3b1d5c226b4da893651d6ad93a9) Importer(815301076,1909f56bfc062723c751e8b465ee728b)
Start importing Assets/Animations/Clips using Guid(c106f3b1d5c226b4da893651d6ad93a9) Importer(815301076,1909f56bfc062723c751e8b465ee728b)  -> (artifact id: '0e3f171a1a935f0c2735904ff3de110f') in 0.007091 seconds 
  Import took 0.009784 seconds .

========================================================================
Received Import Request.
  Time since last request: 37.334374 seconds.
  path: Assets/Scenes/Game
  artifactKey: Guid(e5c4ef8a944f97a4a8d103a82b1a7f08) Importer(815301076,1909f56bfc062723c751e8b465ee728b)
Start importing Assets/Scenes/Game using Guid(e5c4ef8a944f97a4a8d103a82b1a7f08) Importer(815301076,1909f56bfc062723c751e8b465ee728b)  -> (artifact id: '70c1bbcb507d265ab0820d1871ef4890') in 0.003866 seconds 
  Import took 0.006923 seconds .

========================================================================
Received Import Request.
  Time since last request: 9.428759 seconds.
  path: Assets/Scenes/Development
  artifactKey: Guid(5e7951572c7ee4442af6e1b8a09f23d0) Importer(815301076,1909f56bfc062723c751e8b465ee728b)
Start importing Assets/Scenes/Development using Guid(5e7951572c7ee4442af6e1b8a09f23d0) Importer(815301076,1909f56bfc062723c751e8b465ee728b)  -> (artifact id: '9861d8c16c197e8e5ff89a18ae977024') in 0.007189 seconds 
  Import took 0.009533 seconds .

========================================================================
Received Import Request.
  Time since last request: 18.628193 seconds.
  path: Assets/Scripts/Managers
  artifactKey: Guid(5cea0d8ddd4e61e428909a95ee970313) Importer(815301076,1909f56bfc062723c751e8b465ee728b)
Start importing Assets/Scripts/Managers using Guid(5cea0d8ddd4e61e428909a95ee970313) Importer(815301076,1909f56bfc062723c751e8b465ee728b)  -> (artifact id: '42123de6021374af079a10d74fcb79cc') in 0.008066 seconds 
  Import took 0.010320 seconds .

========================================================================
Received Import Request.
  Time since last request: 5.746206 seconds.
  path: Assets/Scripts/Systems
  artifactKey: Guid(7ba457d20ce599c499a092b95f5c7ce9) Importer(815301076,1909f56bfc062723c751e8b465ee728b)
Start importing Assets/Scripts/Systems using Guid(7ba457d20ce599c499a092b95f5c7ce9) Importer(815301076,1909f56bfc062723c751e8b465ee728b)  -> (artifact id: 'df60c6e7444f4ffcdde24aa789aa2efb') in 0.006836 seconds 
  Import took 0.009110 seconds .

========================================================================
Received Import Request.
  Time since last request: 7.988018 seconds.
  path: Assets/Scripts/Controllers
  artifactKey: Guid(f49cbff6a9cfe6940b4b82580762c8bf) Importer(815301076,1909f56bfc062723c751e8b465ee728b)
Start importing Assets/Scripts/Controllers using Guid(f49cbff6a9cfe6940b4b82580762c8bf) Importer(815301076,1909f56bfc062723c751e8b465ee728b)  -> (artifact id: 'b7c27a40dc696eaa9dbcc0a662d2b403') in 0.007111 seconds 
  Import took 0.009516 seconds .

========================================================================
Received Import Request.
  Time since last request: 44.127714 seconds.
  path: Assets/Scripts/ProjectName
  artifactKey: Guid(251d2688be07b6247aee14a4828540d5) Importer(815301076,1909f56bfc062723c751e8b465ee728b)
Start importing Assets/Scripts/ProjectName using Guid(251d2688be07b6247aee14a4828540d5) Importer(815301076,1909f56bfc062723c751e8b465ee728b)  -> (artifact id: '88f0f19e1ba1ea2efa8202198d067483') in 0.006715 seconds 
  Import took 0.009020 seconds .

========================================================================
Received Prepare
Registering precompiled user dll's ...
Registered in 0.005446 seconds.
Begin MonoManager ReloadAssembly
Native extension for WindowsStandalone target not found
Native extension for WebGL target not found
Refreshing native plugins compatible for Editor in 0.34 ms, found 2 plugins.
Preloading 0 native plugins for Editor in 0.00 ms.
Mono: successfully reloaded assembly
- Completed reload, in  1.070 seconds
Domain Reload Profiling:
	ReloadAssembly (1070ms)
		BeginReloadAssembly (118ms)
			ExecutionOrderSort (0ms)
			DisableScriptedObjects (5ms)
			BackupInstance (0ms)
			ReleaseScriptingObjects (0ms)
			CreateAndSetChildDomain (35ms)
		EndReloadAssembly (879ms)
			LoadAssemblies (93ms)
			RebuildTransferFunctionScriptingTraits (0ms)
			SetupTypeCache (294ms)
			ReleaseScriptCaches (1ms)
			RebuildScriptCaches (51ms)
			SetupLoadedEditorAssemblies (340ms)
				LogAssemblyErrors (0ms)
				InitializePlatformSupportModulesInManaged (7ms)
				SetLoadedEditorAssemblies (0ms)
				RefreshPlugins (0ms)
				BeforeProcessingInitializeOnLoad (99ms)
				ProcessInitializeOnLoadAttributes (214ms)
				ProcessInitializeOnLoadMethodAttributes (9ms)
				AfterProcessingInitializeOnLoad (9ms)
				EditorAssembliesLoaded (0ms)
			ExecutionOrderSort2 (0ms)
			AwakeInstancesAfterBackupRestoration (8ms)
Platform modules already initialized, skipping
Refreshing native plugins compatible for Editor in 0.36 ms, found 2 plugins.
Preloading 0 native plugins for Editor in 0.00 ms.
Unloading 1482 Unused Serialized files (Serialized files now loaded: 0)
System memory in use before: 67.0 MB.
System memory in use after: 67.1 MB.

Unloading 14 unused Assets to reduce memory usage. Loaded Objects now: 1924.
Total: 3.310300 ms (FindLiveObjects: 0.167100 ms CreateObjectMapping: 0.036300 ms MarkObjects: 3.084700 ms  DeleteObjects: 0.020700 ms)

AssetImportParameters requested are different than current active one (requested -> active):
  custom:framework-win-MediaFoundation: 216162199b28c13a410421893ffa2e32 -> 
  custom:video-decoder-ogg-theora: a1e56fd34408186e4bbccfd4996cb3dc -> 
  custom:container-muxer-webm: aa71ff27fc2769a1b78a27578f13a17b -> 
  custom:container-demuxer-webm: 4f35f7cbe854078d1ac9338744f61a02 -> 
  custom:container-demuxer-ogg: 62fdf1f143b41e24485cea50d1cbac27 -> 
  custom:video-encoder-webm-vp8: eb34c28f22e8b96e1ab97ce403110664 -> 
  custom:video-decoder-webm-vp8: 9c59270c3fd7afecdb556c50c9e8de78 -> 
  custom:audio-decoder-ogg-vorbis: bf7c407c2cedff20999df2af8eb42d56 -> 
  custom:audio-encoder-webm-vorbis: bf7c407c2cedff20999df2af8eb42d56 -> 
========================================================================
Received Prepare
Registering precompiled user dll's ...
Registered in 0.005196 seconds.
Begin MonoManager ReloadAssembly
Native extension for WindowsStandalone target not found
Native extension for WebGL target not found
Refreshing native plugins compatible for Editor in 0.35 ms, found 2 plugins.
Preloading 0 native plugins for Editor in 0.00 ms.
Mono: successfully reloaded assembly
- Completed reload, in  1.156 seconds
Domain Reload Profiling:
	ReloadAssembly (1157ms)
		BeginReloadAssembly (134ms)
			ExecutionOrderSort (0ms)
			DisableScriptedObjects (5ms)
			BackupInstance (0ms)
			ReleaseScriptingObjects (0ms)
			CreateAndSetChildDomain (39ms)
		EndReloadAssembly (950ms)
			LoadAssemblies (93ms)
			RebuildTransferFunctionScriptingTraits (0ms)
			SetupTypeCache (294ms)
			ReleaseScriptCaches (1ms)
			RebuildScriptCaches (56ms)
			SetupLoadedEditorAssemblies (380ms)
				LogAssemblyErrors (0ms)
				InitializePlatformSupportModulesInManaged (7ms)
				SetLoadedEditorAssemblies (0ms)
				RefreshPlugins (0ms)
				BeforeProcessingInitializeOnLoad (103ms)
				ProcessInitializeOnLoadAttributes (248ms)
				ProcessInitializeOnLoadMethodAttributes (10ms)
				AfterProcessingInitializeOnLoad (10ms)
				EditorAssembliesLoaded (0ms)
			ExecutionOrderSort2 (0ms)
			AwakeInstancesAfterBackupRestoration (8ms)
Platform modules already initialized, skipping
Refreshing native plugins compatible for Editor in 0.35 ms, found 2 plugins.
Preloading 0 native plugins for Editor in 0.00 ms.
Unloading 1482 Unused Serialized files (Serialized files now loaded: 0)
System memory in use before: 67.0 MB.
System memory in use after: 67.1 MB.

Unloading 14 unused Assets to reduce memory usage. Loaded Objects now: 1926.
Total: 3.099300 ms (FindLiveObjects: 0.162200 ms CreateObjectMapping: 0.034000 ms MarkObjects: 2.879800 ms  DeleteObjects: 0.022100 ms)

AssetImportParameters requested are different than current active one (requested -> active):
  custom:framework-win-MediaFoundation: 216162199b28c13a410421893ffa2e32 -> 
  custom:video-decoder-ogg-theora: a1e56fd34408186e4bbccfd4996cb3dc -> 
  custom:container-muxer-webm: aa71ff27fc2769a1b78a27578f13a17b -> 
  custom:container-demuxer-webm: 4f35f7cbe854078d1ac9338744f61a02 -> 
  custom:container-demuxer-ogg: 62fdf1f143b41e24485cea50d1cbac27 -> 
  custom:video-encoder-webm-vp8: eb34c28f22e8b96e1ab97ce403110664 -> 
  custom:video-decoder-webm-vp8: 9c59270c3fd7afecdb556c50c9e8de78 -> 
  custom:audio-decoder-ogg-vorbis: bf7c407c2cedff20999df2af8eb42d56 -> 
  custom:audio-encoder-webm-vorbis: bf7c407c2cedff20999df2af8eb42d56 -> 
========================================================================
Received Prepare
Registering precompiled user dll's ...
Registered in 0.005233 seconds.
Begin MonoManager ReloadAssembly
Native extension for WindowsStandalone target not found
Native extension for WebGL target not found
Refreshing native plugins compatible for Editor in 0.34 ms, found 2 plugins.
Preloading 0 native plugins for Editor in 0.00 ms.
Mono: successfully reloaded assembly
- Completed reload, in  1.085 seconds
Domain Reload Profiling:
	ReloadAssembly (1086ms)
		BeginReloadAssembly (131ms)
			ExecutionOrderSort (0ms)
			DisableScriptedObjects (6ms)
			BackupInstance (0ms)
			ReleaseScriptingObjects (0ms)
			CreateAndSetChildDomain (34ms)
		EndReloadAssembly (878ms)
			LoadAssemblies (94ms)
			RebuildTransferFunctionScriptingTraits (0ms)
			SetupTypeCache (291ms)
			ReleaseScriptCaches (1ms)
			RebuildScriptCaches (50ms)
			SetupLoadedEditorAssemblies (342ms)
				LogAssemblyErrors (0ms)
				InitializePlatformSupportModulesInManaged (7ms)
				SetLoadedEditorAssemblies (0ms)
				RefreshPlugins (0ms)
				BeforeProcessingInitializeOnLoad (101ms)
				ProcessInitializeOnLoadAttributes (210ms)
				ProcessInitializeOnLoadMethodAttributes (11ms)
				AfterProcessingInitializeOnLoad (12ms)
				EditorAssembliesLoaded (0ms)
			ExecutionOrderSort2 (0ms)
			AwakeInstancesAfterBackupRestoration (7ms)
Platform modules already initialized, skipping
Refreshing native plugins compatible for Editor in 0.33 ms, found 2 plugins.
Preloading 0 native plugins for Editor in 0.00 ms.
Unloading 1482 Unused Serialized files (Serialized files now loaded: 0)
System memory in use before: 67.0 MB.
System memory in use after: 67.1 MB.

Unloading 14 unused Assets to reduce memory usage. Loaded Objects now: 1928.
Total: 3.233100 ms (FindLiveObjects: 0.169700 ms CreateObjectMapping: 0.047700 ms MarkObjects: 2.999300 ms  DeleteObjects: 0.015100 ms)

AssetImportParameters requested are different than current active one (requested -> active):
  custom:framework-win-MediaFoundation: 216162199b28c13a410421893ffa2e32 -> 
  custom:video-decoder-ogg-theora: a1e56fd34408186e4bbccfd4996cb3dc -> 
  custom:container-muxer-webm: aa71ff27fc2769a1b78a27578f13a17b -> 
  custom:container-demuxer-webm: 4f35f7cbe854078d1ac9338744f61a02 -> 
  custom:container-demuxer-ogg: 62fdf1f143b41e24485cea50d1cbac27 -> 
  custom:video-encoder-webm-vp8: eb34c28f22e8b96e1ab97ce403110664 -> 
  custom:video-decoder-webm-vp8: 9c59270c3fd7afecdb556c50c9e8de78 -> 
  custom:audio-decoder-ogg-vorbis: bf7c407c2cedff20999df2af8eb42d56 -> 
  custom:audio-encoder-webm-vorbis: bf7c407c2cedff20999df2af8eb42d56 -> 
========================================================================
Received Prepare
Registering precompiled user dll's ...
Registered in 0.006038 seconds.
Begin MonoManager ReloadAssembly
Native extension for WindowsStandalone target not found
Native extension for WebGL target not found
Refreshing native plugins compatible for Editor in 0.34 ms, found 2 plugins.
Preloading 0 native plugins for Editor in 0.00 ms.
Mono: successfully reloaded assembly
- Completed reload, in  1.070 seconds
Domain Reload Profiling:
	ReloadAssembly (1071ms)
		BeginReloadAssembly (134ms)
			ExecutionOrderSort (0ms)
			DisableScriptedObjects (5ms)
			BackupInstance (0ms)
			ReleaseScriptingObjects (0ms)
			CreateAndSetChildDomain (34ms)
		EndReloadAssembly (862ms)
			LoadAssemblies (94ms)
			RebuildTransferFunctionScriptingTraits (0ms)
			SetupTypeCache (283ms)
			ReleaseScriptCaches (1ms)
			RebuildScriptCaches (51ms)
			SetupLoadedEditorAssemblies (335ms)
				LogAssemblyErrors (0ms)
				InitializePlatformSupportModulesInManaged (7ms)
				SetLoadedEditorAssemblies (0ms)
				RefreshPlugins (0ms)
				BeforeProcessingInitializeOnLoad (101ms)
				ProcessInitializeOnLoadAttributes (207ms)
				ProcessInitializeOnLoadMethodAttributes (9ms)
				AfterProcessingInitializeOnLoad (9ms)
				EditorAssembliesLoaded (0ms)
			ExecutionOrderSort2 (0ms)
			AwakeInstancesAfterBackupRestoration (7ms)
Platform modules already initialized, skipping
Refreshing native plugins compatible for Editor in 0.34 ms, found 2 plugins.
Preloading 0 native plugins for Editor in 0.00 ms.
Unloading 1482 Unused Serialized files (Serialized files now loaded: 0)
System memory in use before: 67.0 MB.
System memory in use after: 67.1 MB.

Unloading 14 unused Assets to reduce memory usage. Loaded Objects now: 1930.
Total: 2.947900 ms (FindLiveObjects: 0.147400 ms CreateObjectMapping: 0.035800 ms MarkObjects: 2.748700 ms  DeleteObjects: 0.015100 ms)

AssetImportParameters requested are different than current active one (requested -> active):
  custom:framework-win-MediaFoundation: 216162199b28c13a410421893ffa2e32 -> 
  custom:video-decoder-ogg-theora: a1e56fd34408186e4bbccfd4996cb3dc -> 
  custom:container-muxer-webm: aa71ff27fc2769a1b78a27578f13a17b -> 
  custom:container-demuxer-webm: 4f35f7cbe854078d1ac9338744f61a02 -> 
  custom:container-demuxer-ogg: 62fdf1f143b41e24485cea50d1cbac27 -> 
  custom:video-encoder-webm-vp8: eb34c28f22e8b96e1ab97ce403110664 -> 
  custom:video-decoder-webm-vp8: 9c59270c3fd7afecdb556c50c9e8de78 -> 
  custom:audio-decoder-ogg-vorbis: bf7c407c2cedff20999df2af8eb42d56 -> 
  custom:audio-encoder-webm-vorbis: bf7c407c2cedff20999df2af8eb42d56 -> 
========================================================================
Received Import Request.
  Time since last request: 132.305716 seconds.
  path: Assets/Tests/EditMode/EditMode.asmdef
  artifactKey: Guid(14bfc6f0a294f8a44a7f8dd765bd26bf) Importer(815301076,1909f56bfc062723c751e8b465ee728b)
Start importing Assets/Tests/EditMode/EditMode.asmdef using Guid(14bfc6f0a294f8a44a7f8dd765bd26bf) Importer(815301076,1909f56bfc062723c751e8b465ee728b)  -> (artifact id: 'cd292296dad0f2127b1e78475390695c') in 0.015194 seconds 
  Import took 0.017491 seconds .

========================================================================
Received Prepare
Registering precompiled user dll's ...
Registered in 0.005375 seconds.
Begin MonoManager ReloadAssembly
Native extension for WindowsStandalone target not found
Native extension for WebGL target not found
Refreshing native plugins compatible for Editor in 0.35 ms, found 2 plugins.
Preloading 0 native plugins for Editor in 0.00 ms.
Mono: successfully reloaded assembly
- Completed reload, in  1.080 seconds
Domain Reload Profiling:
	ReloadAssembly (1080ms)
		BeginReloadAssembly (134ms)
			ExecutionOrderSort (0ms)
			DisableScriptedObjects (6ms)
			BackupInstance (0ms)
			ReleaseScriptingObjects (0ms)
			CreateAndSetChildDomain (35ms)
		EndReloadAssembly (871ms)
			LoadAssemblies (95ms)
			RebuildTransferFunctionScriptingTraits (0ms)
			SetupTypeCache (279ms)
			ReleaseScriptCaches (1ms)
			RebuildScriptCaches (51ms)
			SetupLoadedEditorAssemblies (346ms)
				LogAssemblyErrors (0ms)
				InitializePlatformSupportModulesInManaged (7ms)
				SetLoadedEditorAssemblies (0ms)
				RefreshPlugins (0ms)
				BeforeProcessingInitializeOnLoad (107ms)
				ProcessInitializeOnLoadAttributes (213ms)
				ProcessInitializeOnLoadMethodAttributes (9ms)
				AfterProcessingInitializeOnLoad (9ms)
				EditorAssembliesLoaded (0ms)
			ExecutionOrderSort2 (0ms)
			AwakeInstancesAfterBackupRestoration (7ms)
Platform modules already initialized, skipping
Refreshing native plugins compatible for Editor in 0.34 ms, found 2 plugins.
Preloading 0 native plugins for Editor in 0.00 ms.
Unloading 1482 Unused Serialized files (Serialized files now loaded: 0)
System memory in use before: 67.0 MB.
System memory in use after: 67.1 MB.

Unloading 14 unused Assets to reduce memory usage. Loaded Objects now: 1932.
Total: 3.513700 ms (FindLiveObjects: 0.171500 ms CreateObjectMapping: 0.048200 ms MarkObjects: 3.277600 ms  DeleteObjects: 0.015300 ms)

AssetImportParameters requested are different than current active one (requested -> active):
  custom:framework-win-MediaFoundation: 216162199b28c13a410421893ffa2e32 -> 
  custom:video-decoder-ogg-theora: a1e56fd34408186e4bbccfd4996cb3dc -> 
  custom:container-muxer-webm: aa71ff27fc2769a1b78a27578f13a17b -> 
  custom:container-demuxer-webm: 4f35f7cbe854078d1ac9338744f61a02 -> 
  custom:container-demuxer-ogg: 62fdf1f143b41e24485cea50d1cbac27 -> 
  custom:video-encoder-webm-vp8: eb34c28f22e8b96e1ab97ce403110664 -> 
  custom:video-decoder-webm-vp8: 9c59270c3fd7afecdb556c50c9e8de78 -> 
  custom:audio-decoder-ogg-vorbis: bf7c407c2cedff20999df2af8eb42d56 -> 
  custom:audio-encoder-webm-vorbis: bf7c407c2cedff20999df2af8eb42d56 -> 
========================================================================
Received Import Request.
  Time since last request: 13.380556 seconds.
  path: Assets/Tests/EditMode/EditMode.asmdef
  artifactKey: Guid(14bfc6f0a294f8a44a7f8dd765bd26bf) Importer(815301076,1909f56bfc062723c751e8b465ee728b)
Start importing Assets/Tests/EditMode/EditMode.asmdef using Guid(14bfc6f0a294f8a44a7f8dd765bd26bf) Importer(815301076,1909f56bfc062723c751e8b465ee728b)  -> (artifact id: '413a5e2834e448f8bf029b2c9cf9c88a') in 0.006169 seconds 
  Import took 0.009222 seconds .

========================================================================
Received Import Request.
  Time since last request: 0.064055 seconds.
  path: Assets/Tests/PlayMode
  artifactKey: Guid(a63786dafa6bcd94fa106a8cc26987ef) Importer(815301076,1909f56bfc062723c751e8b465ee728b)
Start importing Assets/Tests/PlayMode using Guid(a63786dafa6bcd94fa106a8cc26987ef) Importer(815301076,1909f56bfc062723c751e8b465ee728b)  -> (artifact id: '166cbbb87f43161e874325079056f6f4') in 0.007072 seconds 
  Import took 0.009418 seconds .

========================================================================
Received Import Request.
  Time since last request: 0.747901 seconds.
  path: Assets/Tests/PlayMode/PlayMode.asmdef
  artifactKey: Guid(d8eda85b7c7c0124da814672f0bd8180) Importer(815301076,1909f56bfc062723c751e8b465ee728b)
Start importing Assets/Tests/PlayMode/PlayMode.asmdef using Guid(d8eda85b7c7c0124da814672f0bd8180) Importer(815301076,1909f56bfc062723c751e8b465ee728b)  -> (artifact id: 'dfd60ce5ef1638076bf6ff69da73b748') in 0.002755 seconds 
  Import took 0.005170 seconds .

========================================================================
Received Prepare
Registering precompiled user dll's ...
Registered in 0.005225 seconds.
Begin MonoManager ReloadAssembly
Native extension for WindowsStandalone target not found
Native extension for WebGL target not found
Refreshing native plugins compatible for Editor in 0.34 ms, found 2 plugins.
Preloading 0 native plugins for Editor in 0.00 ms.
Mono: successfully reloaded assembly
- Completed reload, in  1.057 seconds
Domain Reload Profiling:
	ReloadAssembly (1058ms)
		BeginReloadAssembly (122ms)
			ExecutionOrderSort (0ms)
			DisableScriptedObjects (5ms)
			BackupInstance (0ms)
			ReleaseScriptingObjects (0ms)
			CreateAndSetChildDomain (31ms)
		EndReloadAssembly (861ms)
			LoadAssemblies (94ms)
			RebuildTransferFunctionScriptingTraits (0ms)
			SetupTypeCache (282ms)
			ReleaseScriptCaches (1ms)
			RebuildScriptCaches (53ms)
			SetupLoadedEditorAssemblies (330ms)
				LogAssemblyErrors (0ms)
				InitializePlatformSupportModulesInManaged (7ms)
				SetLoadedEditorAssemblies (0ms)
				RefreshPlugins (0ms)
				BeforeProcessingInitializeOnLoad (98ms)
				ProcessInitializeOnLoadAttributes (203ms)
				ProcessInitializeOnLoadMethodAttributes (10ms)
				AfterProcessingInitializeOnLoad (10ms)
				EditorAssembliesLoaded (1ms)
			ExecutionOrderSort2 (0ms)
			AwakeInstancesAfterBackupRestoration (8ms)
Platform modules already initialized, skipping
Refreshing native plugins compatible for Editor in 0.34 ms, found 2 plugins.
Preloading 0 native plugins for Editor in 0.00 ms.
Unloading 1482 Unused Serialized files (Serialized files now loaded: 0)
System memory in use before: 67.0 MB.
System memory in use after: 67.1 MB.

Unloading 14 unused Assets to reduce memory usage. Loaded Objects now: 1934.
Total: 2.835300 ms (FindLiveObjects: 0.147600 ms CreateObjectMapping: 0.034200 ms MarkObjects: 2.637400 ms  DeleteObjects: 0.014700 ms)

AssetImportParameters requested are different than current active one (requested -> active):
  custom:framework-win-MediaFoundation: 216162199b28c13a410421893ffa2e32 -> 
  custom:video-decoder-ogg-theora: a1e56fd34408186e4bbccfd4996cb3dc -> 
  custom:container-muxer-webm: aa71ff27fc2769a1b78a27578f13a17b -> 
  custom:container-demuxer-webm: 4f35f7cbe854078d1ac9338744f61a02 -> 
  custom:container-demuxer-ogg: 62fdf1f143b41e24485cea50d1cbac27 -> 
  custom:video-encoder-webm-vp8: eb34c28f22e8b96e1ab97ce403110664 -> 
  custom:video-decoder-webm-vp8: 9c59270c3fd7afecdb556c50c9e8de78 -> 
  custom:audio-decoder-ogg-vorbis: bf7c407c2cedff20999df2af8eb42d56 -> 
  custom:audio-encoder-webm-vorbis: bf7c407c2cedff20999df2af8eb42d56 -> 
========================================================================
Received Import Request.
  Time since last request: 11.500480 seconds.
  path: Assets/Tests/PlayMode/PlayMode.asmdef
  artifactKey: Guid(d8eda85b7c7c0124da814672f0bd8180) Importer(815301076,1909f56bfc062723c751e8b465ee728b)
Start importing Assets/Tests/PlayMode/PlayMode.asmdef using Guid(d8eda85b7c7c0124da814672f0bd8180) Importer(815301076,1909f56bfc062723c751e8b465ee728b)  -> (artifact id: 'ab319e204585a11991382801c4ba58ed') in 0.004780 seconds 
  Import took 0.006914 seconds .

========================================================================
Received Import Request.
  Time since last request: 19.208278 seconds.
  path: Assets/AssetPacks
  artifactKey: Guid(718ca7600cc3ffa4c8524f2afd46aa96) Importer(815301076,1909f56bfc062723c751e8b465ee728b)
Start importing Assets/AssetPacks using Guid(718ca7600cc3ffa4c8524f2afd46aa96) Importer(815301076,1909f56bfc062723c751e8b465ee728b)  -> (artifact id: '66f9460e00302d02ec4c9ed59a1a37a5') in 0.007877 seconds 
  Import took 0.010199 seconds .

========================================================================
Received Import Request.
  Time since last request: 10.713897 seconds.
  path: Assets/GraphicAssets
  artifactKey: Guid(c62b6c411d5d4a54a850d73b74462cd9) Importer(815301076,1909f56bfc062723c751e8b465ee728b)
Start importing Assets/GraphicAssets using Guid(c62b6c411d5d4a54a850d73b74462cd9) Importer(815301076,1909f56bfc062723c751e8b465ee728b)  -> (artifact id: 'c77212b621565b0716214875e3aa0578') in 0.007005 seconds 
  Import took 0.009399 seconds .

========================================================================
Received Import Request.
  Time since last request: 12.713145 seconds.
  path: Assets/0 - AssetPacks
  artifactKey: Guid(718ca7600cc3ffa4c8524f2afd46aa96) Importer(815301076,1909f56bfc062723c751e8b465ee728b)
Start importing Assets/0 - AssetPacks using Guid(718ca7600cc3ffa4c8524f2afd46aa96) Importer(815301076,1909f56bfc062723c751e8b465ee728b)  -> (artifact id: '610de68d6704ca947697b468c8896e06') in 0.009479 seconds 
  Import took 0.011765 seconds .

========================================================================
Received Import Request.
  Time since last request: 15.440475 seconds.
  path: Assets/_AssetPacks
  artifactKey: Guid(718ca7600cc3ffa4c8524f2afd46aa96) Importer(815301076,1909f56bfc062723c751e8b465ee728b)
Start importing Assets/_AssetPacks using Guid(718ca7600cc3ffa4c8524f2afd46aa96) Importer(815301076,1909f56bfc062723c751e8b465ee728b)  -> (artifact id: '5b0bf74e2c2e017274010f2ce12ef811') in 0.006841 seconds 
  Import took 0.009137 seconds .

========================================================================
Received Import Request.
  Time since last request: 21.716719 seconds.
  path: Assets/_GraphicAssets
  artifactKey: Guid(c62b6c411d5d4a54a850d73b74462cd9) Importer(815301076,1909f56bfc062723c751e8b465ee728b)
Start importing Assets/_GraphicAssets using Guid(c62b6c411d5d4a54a850d73b74462cd9) Importer(815301076,1909f56bfc062723c751e8b465ee728b)  -> (artifact id: '5d51819351e030a9dfeeeb70bee78dde') in 0.006768 seconds 
  Import took 0.009108 seconds .

========================================================================
Received Import Request.
  Time since last request: 32.397694 seconds.
  path: Assets/Audio
  artifactKey: Guid(ccb7c5d0b77605040b7f7fabcf05e523) Importer(815301076,1909f56bfc062723c751e8b465ee728b)
Start importing Assets/Audio using Guid(ccb7c5d0b77605040b7f7fabcf05e523) Importer(815301076,1909f56bfc062723c751e8b465ee728b)  -> (artifact id: '703ab598d0be2f6c606a2faedd26c276') in 0.007212 seconds 
  Import took 0.009623 seconds .

========================================================================
Received Import Request.
  Time since last request: 6.949743 seconds.
  path: Assets/Audio/Musics
  artifactKey: Guid(53034d1dfa6a26c4e925b042d807d699) Importer(815301076,1909f56bfc062723c751e8b465ee728b)
Start importing Assets/Audio/Musics using Guid(53034d1dfa6a26c4e925b042d807d699) Importer(815301076,1909f56bfc062723c751e8b465ee728b)  -> (artifact id: 'e2da1e20209a7b121c365965ed7e51f1') in 0.006986 seconds 
  Import took 0.009275 seconds .

========================================================================
Received Import Request.
  Time since last request: 9.402282 seconds.
  path: Assets/Audio/Sfx
  artifactKey: Guid(e5b1cb1f8a2f5a747a99ea7fe7d73218) Importer(815301076,1909f56bfc062723c751e8b465ee728b)
Start importing Assets/Audio/Sfx using Guid(e5b1cb1f8a2f5a747a99ea7fe7d73218) Importer(815301076,1909f56bfc062723c751e8b465ee728b)  -> (artifact id: '3be67a6d0d174c26763e0c716a271837') in 0.007589 seconds 
  Import took 0.009920 seconds .

========================================================================
Received Import Request.
  Time since last request: 10.719523 seconds.
  path: Assets/Audio/Sound Effects
  artifactKey: Guid(e5b1cb1f8a2f5a747a99ea7fe7d73218) Importer(815301076,1909f56bfc062723c751e8b465ee728b)
Start importing Assets/Audio/Sound Effects using Guid(e5b1cb1f8a2f5a747a99ea7fe7d73218) Importer(815301076,1909f56bfc062723c751e8b465ee728b)  -> (artifact id: '40038511a7da966b43c53c98a6ff9a20') in 0.006567 seconds 
  Import took 0.008971 seconds .

========================================================================
Received Import Request.
  Time since last request: 13.642757 seconds.
  path: Assets/AudioAssets
  artifactKey: Guid(ccb7c5d0b77605040b7f7fabcf05e523) Importer(815301076,1909f56bfc062723c751e8b465ee728b)
Start importing Assets/AudioAssets using Guid(ccb7c5d0b77605040b7f7fabcf05e523) Importer(815301076,1909f56bfc062723c751e8b465ee728b)  -> (artifact id: '9e504a67b974be30dedb17ada2dbe432') in 0.008448 seconds 
  Import took 0.010901 seconds .

========================================================================
Received Import Request.
  Time since last request: 23.000549 seconds.
  path: Assets/GraphicAssets/Sprites
  artifactKey: Guid(99358e660a7605b40b2fbb9ce6ad7a08) Importer(815301076,1909f56bfc062723c751e8b465ee728b)
Start importing Assets/GraphicAssets/Sprites using Guid(99358e660a7605b40b2fbb9ce6ad7a08) Importer(815301076,1909f56bfc062723c751e8b465ee728b)  -> (artifact id: '6b3a160cd97a4f97ec30802b4cec3a9a') in 0.007557 seconds 
  Import took 0.010281 seconds .

========================================================================
Received Import Request.
  Time since last request: 31.593909 seconds.
  path: Assets/AssetPackages
  artifactKey: Guid(718ca7600cc3ffa4c8524f2afd46aa96) Importer(815301076,1909f56bfc062723c751e8b465ee728b)
Start importing Assets/AssetPackages using Guid(718ca7600cc3ffa4c8524f2afd46aa96) Importer(815301076,1909f56bfc062723c751e8b465ee728b)  -> (artifact id: '51fbce8d9ea959a2567a4dd2f6174930') in 0.006661 seconds 
  Import took 0.009017 seconds .

========================================================================
Received Import Request.
  Time since last request: 9.561241 seconds.
  path: Assets/Packages
  artifactKey: Guid(718ca7600cc3ffa4c8524f2afd46aa96) Importer(815301076,1909f56bfc062723c751e8b465ee728b)
Start importing Assets/Packages using Guid(718ca7600cc3ffa4c8524f2afd46aa96) Importer(815301076,1909f56bfc062723c751e8b465ee728b)  -> (artifact id: 'db42e0366fbf17cadf1006a0ec015687') in 0.006872 seconds 
  Import took 0.009201 seconds .

========================================================================
Received Import Request.
  Time since last request: 19.786494 seconds.
  path: Assets/Tests
  artifactKey: Guid(a849dc603a6c6054f9e284cbc29a1966) Importer(815301076,1909f56bfc062723c751e8b465ee728b)
Start importing Assets/Tests using Guid(a849dc603a6c6054f9e284cbc29a1966) Importer(815301076,1909f56bfc062723c751e8b465ee728b)  -> (artifact id: '1b5923fd0c66490e333efc5fd145dd5f') in 0.008256 seconds 
  Import took 0.010645 seconds .

========================================================================
Received Import Request.
  Time since last request: 145.939091 seconds.
  path: Assets/Animations/Clips/dummy.txt
  artifactKey: Guid(1897cf4998e9421438603680aa1f44a4) Importer(815301076,1909f56bfc062723c751e8b465ee728b)
Start importing Assets/Animations/Clips/dummy.txt using Guid(1897cf4998e9421438603680aa1f44a4) Importer(815301076,1909f56bfc062723c751e8b465ee728b)  -> (artifact id: '6988810f29cee61c232af9a6d5fef1c1') in 0.021158 seconds 
  Import took 0.023461 seconds .

========================================================================
Received Import Request.
  Time since last request: 69.713715 seconds.
  path: Assets/Scenes/Sample/SampleScene 1.scenetemplate
  artifactKey: Guid(1cdfb43f6455b714fab61b7dc2460be4) Importer(815301076,1909f56bfc062723c751e8b465ee728b)
Start importing Assets/Scenes/Sample/SampleScene 1.scenetemplate using Guid(1cdfb43f6455b714fab61b7dc2460be4) Importer(815301076,1909f56bfc062723c751e8b465ee728b)  -> (artifact id: '635a218b6eb0f030e5d408dcd8b09c9c') in 0.026437 seconds 
  Import took 0.028988 seconds .

========================================================================
Received Import Request.
  Time since last request: 10.412187 seconds.
  path: Assets/Scenes/Sample/SampleScene.scenetemplate
  artifactKey: Guid(53b272854b43d7b479ba84354eacbfff) Importer(815301076,1909f56bfc062723c751e8b465ee728b)
Start importing Assets/Scenes/Sample/SampleScene.scenetemplate using Guid(53b272854b43d7b479ba84354eacbfff) Importer(815301076,1909f56bfc062723c751e8b465ee728b)  -> (artifact id: 'b3e176e9ce1d0325cce896552065cf76') in 0.022856 seconds 
  Import took 0.025310 seconds .

========================================================================
Received Import Request.
  Time since last request: 47.760603 seconds.
  path: Assets/Scenes/Sample/Screenshot.png
  artifactKey: Guid(c4cd8203a04b301478769fc279182f33) Importer(815301076,1909f56bfc062723c751e8b465ee728b)
Start importing Assets/Scenes/Sample/Screenshot.png using Guid(c4cd8203a04b301478769fc279182f33) Importer(815301076,1909f56bfc062723c751e8b465ee728b)  -> (artifact id: 'b1d1d77e2125898aa708269ac17dcfcf') in 0.015749 seconds 
  Import took 0.018236 seconds .

========================================================================
Received Import Request.
  Time since last request: 7.385182 seconds.
  path: Assets/Scenes/Sample/SampleScenePrefab.prefab
  artifactKey: Guid(54bdf03e6e8f1684eb07d1b534613024) Importer(815301076,1909f56bfc062723c751e8b465ee728b)
Start importing Assets/Scenes/Sample/SampleScenePrefab.prefab using Guid(54bdf03e6e8f1684eb07d1b534613024) Importer(815301076,1909f56bfc062723c751e8b465ee728b)  -> (artifact id: '41609d227b7b3bea3f2be401921a05c4') in 0.017361 seconds 
  Import took 0.019993 seconds .

========================================================================
Received Import Request.
  Time since last request: 8.705416 seconds.
  path: Assets/Scenes/Sample/SampleSceneTemplate.scenetemplate
  artifactKey: Guid(53b272854b43d7b479ba84354eacbfff) Importer(815301076,1909f56bfc062723c751e8b465ee728b)
Start importing Assets/Scenes/Sample/SampleSceneTemplate.scenetemplate using Guid(53b272854b43d7b479ba84354eacbfff) Importer(815301076,1909f56bfc062723c751e8b465ee728b)  -> (artifact id: 'ad4ec0077b1a14ce198b476ac6873c52') in 0.015223 seconds 
  Import took 0.017606 seconds .

========================================================================
Received Import Request.
  Time since last request: 13.950656 seconds.
  path: Assets/Scenes/Sample/SampleSceneTemplate.scenetemplate
  artifactKey: Guid(53b272854b43d7b479ba84354eacbfff) Importer(815301076,1909f56bfc062723c751e8b465ee728b)
Start importing Assets/Scenes/Sample/SampleSceneTemplate.scenetemplate using Guid(53b272854b43d7b479ba84354eacbfff) Importer(815301076,1909f56bfc062723c751e8b465ee728b)  -> (artifact id: '05b77427209f8b80f3b16f12534ddbc1') in 0.012741 seconds 
  Import took 0.015127 seconds .

========================================================================
Received Import Request.
  Time since last request: 14.644657 seconds.
  path: Assets/Scenes/Sample/SampleSceneTemplate.scenetemplate
  artifactKey: Guid(53b272854b43d7b479ba84354eacbfff) Importer(815301076,1909f56bfc062723c751e8b465ee728b)
Start importing Assets/Scenes/Sample/SampleSceneTemplate.scenetemplate using Guid(53b272854b43d7b479ba84354eacbfff) Importer(815301076,1909f56bfc062723c751e8b465ee728b)  -> (artifact id: '580495a1087ad9ab4e417f296d9fe5c1') in 0.013371 seconds 
  Import took 0.015780 seconds .

========================================================================
Received Import Request.
  Time since last request: 34.557772 seconds.
  path: Assets/Scenes/Sample/SampleSceneTemplate.scenetemplate
  artifactKey: Guid(53b272854b43d7b479ba84354eacbfff) Importer(815301076,1909f56bfc062723c751e8b465ee728b)
Start importing Assets/Scenes/Sample/SampleSceneTemplate.scenetemplate using Guid(53b272854b43d7b479ba84354eacbfff) Importer(815301076,1909f56bfc062723c751e8b465ee728b)  -> (artifact id: 'd65b3c057d6776cfe8b959093ef269a5') in 0.012982 seconds 
  Import took 0.015650 seconds .

